<?xml version="1.0" encoding="UTF-8"?>
<!-- Generated by org.testng.reporters.JUnitReportReporter -->
<testsuite hostname="salimsouidi" failures="0" tests="1" name="qa.tests.Testcase1" time="17.240" errors="0" timestamp="2024-05-28T22:13:36 GMT+01:00" skipped="0">
  <testcase classname="qa.tests.Testcase1" name="sampleMethodForEnteringCredentials" time="17.240"/>
</testsuite> <!-- qa.tests.Testcase1 -->
