<?xml version="1.0" encoding="UTF-8"?>
<!-- Generated by org.testng.reporters.JUnitReportReporter -->
<testsuite hostname="DESKTOP-I46VA14" failures="0" tests="1" name="qa.tests.Testcase1" time="60.501" errors="0" timestamp="2024-05-29T11:16:41 CEST" skipped="0">
  <testcase classname="qa.tests.Testcase1" name="sampleMethodForEnteringCredentials" time="60.501"/>
</testsuite> <!-- qa.tests.Testcase1 -->
